{"/home/rca/Documents/Gersh/Lessons/Devops/Electricity-billing/nodejs-backend/app.js": {"path":"/home/rca/Documents/Gersh/Lessons/Devops/Electricity-billing/nodejs-backend/app.js","statementMap":{"0":{"start":{"line":1,"column":16},"end":{"line":1,"column":34}},"1":{"start":{"line":2,"column":15},"end":{"line":2,"column":32}},"2":{"start":{"line":3,"column":13},"end":{"line":3,"column":28}},"3":{"start":{"line":5,"column":18},"end":{"line":5,"column":47}},"4":{"start":{"line":6,"column":15},"end":{"line":6,"column":32}},"5":{"start":{"line":7,"column":22},"end":{"line":7,"column":55}},"6":{"start":{"line":8,"column":12},"end":{"line":8,"column":32}},"7":{"start":{"line":9,"column":12},"end":{"line":9,"column":26}},"8":{"start":{"line":11,"column":12},"end":{"line":11,"column":21}},"9":{"start":{"line":15,"column":0},"end":{"line":15,"column":18}},"10":{"start":{"line":18,"column":0},"end":{"line":20,"column":1}},"11":{"start":{"line":19,"column":2},"end":{"line":19,"column":25}},"12":{"start":{"line":23,"column":16},"end":{"line":27,"column":2}},"13":{"start":{"line":29,"column":0},"end":{"line":29,"column":25}},"14":{"start":{"line":30,"column":0},"end":{"line":30,"column":15}},"15":{"start":{"line":32,"column":0},"end":{"line":32,"column":41}},"16":{"start":{"line":35,"column":0},"end":{"line":35,"column":25}},"17":{"start":{"line":38,"column":0},"end":{"line":38,"column":15}},"18":{"start":{"line":41,"column":0},"end":{"line":51,"column":2}},"19":{"start":{"line":53,"column":0},"end":{"line":53,"column":47}},"20":{"start":{"line":56,"column":0},"end":{"line":56,"column":57}},"21":{"start":{"line":57,"column":0},"end":{"line":57,"column":70}},"22":{"start":{"line":61,"column":0},"end":{"line":63,"column":3}},"23":{"start":{"line":62,"column":2},"end":{"line":62,"column":71}},"24":{"start":{"line":65,"column":0},"end":{"line":65,"column":21}}},"fnMap":{"0":{"name":"(anonymous_0)","decl":{"start":{"line":61,"column":13},"end":{"line":61,"column":14}},"loc":{"start":{"line":61,"column":33},"end":{"line":63,"column":1}},"line":61}},"branchMap":{"0":{"loc":{"start":{"line":18,"column":0},"end":{"line":20,"column":1}},"type":"if","locations":[{"start":{"line":18,"column":0},"end":{"line":20,"column":1}},{"start":{},"end":{}}],"line":18}},"s":{"0":1,"1":1,"2":1,"3":1,"4":1,"5":1,"6":1,"7":1,"8":1,"9":1,"10":1,"11":0,"12":1,"13":1,"14":1,"15":1,"16":1,"17":1,"18":1,"19":1,"20":1,"21":1,"22":1,"23":0,"24":1},"f":{"0":0},"b":{"0":[0,1]},"_coverageSchema":"1a1c01bbd47fc00a2c39e90264f33305004495a9","hash":"7fd49dc18268207e8f9af4d75d894322ed61f210"}
,"/home/rca/Documents/Gersh/Lessons/Devops/Electricity-billing/nodejs-backend/controllers/handleFactory.js": {"path":"/home/rca/Documents/Gersh/Lessons/Devops/Electricity-billing/nodejs-backend/controllers/handleFactory.js","statementMap":{"0":{"start":{"line":1,"column":19},"end":{"line":1,"column":51}},"1":{"start":{"line":2,"column":17},"end":{"line":2,"column":47}},"2":{"start":{"line":4,"column":0},"end":{"line":19,"column":5}},"3":{"start":{"line":5,"column":2},"end":{"line":19,"column":4}},"4":{"start":{"line":6,"column":16},"end":{"line":6,"column":60}},"5":{"start":{"line":9,"column":4},"end":{"line":13,"column":5}},"6":{"start":{"line":10,"column":6},"end":{"line":12,"column":8}},"7":{"start":{"line":15,"column":4},"end":{"line":18,"column":7}},"8":{"start":{"line":21,"column":0},"end":{"line":25,"column":5}},"9":{"start":{"line":22,"column":2},"end":{"line":25,"column":4}},"10":{"start":{"line":23,"column":19},"end":{"line":23,"column":47}},"11":{"start":{"line":24,"column":4},"end":{"line":24,"column":66}},"12":{"start":{"line":27,"column":0},"end":{"line":34,"column":5}},"13":{"start":{"line":28,"column":2},"end":{"line":34,"column":4}},"14":{"start":{"line":29,"column":16},"end":{"line":32,"column":6}},"15":{"start":{"line":33,"column":4},"end":{"line":33,"column":63}},"16":{"start":{"line":36,"column":0},"end":{"line":45,"column":5}},"17":{"start":{"line":37,"column":2},"end":{"line":45,"column":4}},"18":{"start":{"line":38,"column":16},"end":{"line":38,"column":51}},"19":{"start":{"line":40,"column":4},"end":{"line":42,"column":5}},"20":{"start":{"line":41,"column":6},"end":{"line":41,"column":77}},"21":{"start":{"line":44,"column":4},"end":{"line":44,"column":51}},"22":{"start":{"line":47,"column":0},"end":{"line":62,"column":5}},"23":{"start":{"line":48,"column":2},"end":{"line":62,"column":4}},"24":{"start":{"line":49,"column":17},"end":{"line":49,"column":35}},"25":{"start":{"line":51,"column":4},"end":{"line":61,"column":5}},"26":{"start":{"line":52,"column":6},"end":{"line":54,"column":9}},"27":{"start":{"line":56,"column":6},"end":{"line":60,"column":9}}},"fnMap":{"0":{"name":"(anonymous_0)","decl":{"start":{"line":4,"column":20},"end":{"line":4,"column":21}},"loc":{"start":{"line":5,"column":2},"end":{"line":19,"column":4}},"line":5},"1":{"name":"(anonymous_1)","decl":{"start":{"line":5,"column":13},"end":{"line":5,"column":14}},"loc":{"start":{"line":5,"column":39},"end":{"line":19,"column":3}},"line":5},"2":{"name":"(anonymous_2)","decl":{"start":{"line":21,"column":20},"end":{"line":21,"column":21}},"loc":{"start":{"line":22,"column":2},"end":{"line":25,"column":4}},"line":22},"3":{"name":"(anonymous_3)","decl":{"start":{"line":22,"column":13},"end":{"line":22,"column":14}},"loc":{"start":{"line":22,"column":39},"end":{"line":25,"column":3}},"line":22},"4":{"name":"(anonymous_4)","decl":{"start":{"line":27,"column":20},"end":{"line":27,"column":21}},"loc":{"start":{"line":28,"column":2},"end":{"line":34,"column":4}},"line":28},"5":{"name":"(anonymous_5)","decl":{"start":{"line":28,"column":13},"end":{"line":28,"column":14}},"loc":{"start":{"line":28,"column":33},"end":{"line":34,"column":3}},"line":28},"6":{"name":"(anonymous_6)","decl":{"start":{"line":36,"column":17},"end":{"line":36,"column":18}},"loc":{"start":{"line":37,"column":2},"end":{"line":45,"column":4}},"line":37},"7":{"name":"(anonymous_7)","decl":{"start":{"line":37,"column":13},"end":{"line":37,"column":14}},"loc":{"start":{"line":37,"column":39},"end":{"line":45,"column":3}},"line":37},"8":{"name":"(anonymous_8)","decl":{"start":{"line":47,"column":17},"end":{"line":47,"column":18}},"loc":{"start":{"line":48,"column":2},"end":{"line":62,"column":4}},"line":48},"9":{"name":"(anonymous_9)","decl":{"start":{"line":48,"column":13},"end":{"line":48,"column":14}},"loc":{"start":{"line":48,"column":33},"end":{"line":62,"column":3}},"line":48}},"branchMap":{"0":{"loc":{"start":{"line":9,"column":4},"end":{"line":13,"column":5}},"type":"if","locations":[{"start":{"line":9,"column":4},"end":{"line":13,"column":5}},{"start":{},"end":{}}],"line":9},"1":{"loc":{"start":{"line":40,"column":4},"end":{"line":42,"column":5}},"type":"if","locations":[{"start":{"line":40,"column":4},"end":{"line":42,"column":5}},{"start":{},"end":{}}],"line":40},"2":{"loc":{"start":{"line":51,"column":4},"end":{"line":61,"column":5}},"type":"if","locations":[{"start":{"line":51,"column":4},"end":{"line":61,"column":5}},{"start":{"line":55,"column":11},"end":{"line":61,"column":5}}],"line":51}},"s":{"0":1,"1":1,"2":1,"3":1,"4":0,"5":0,"6":0,"7":0,"8":1,"9":1,"10":0,"11":0,"12":1,"13":0,"14":0,"15":0,"16":1,"17":0,"18":0,"19":0,"20":0,"21":0,"22":1,"23":2,"24":2,"25":2,"26":1,"27":1},"f":{"0":1,"1":0,"2":1,"3":0,"4":0,"5":0,"6":0,"7":0,"8":2,"9":2},"b":{"0":[0,0],"1":[0,0],"2":[1,1]},"_coverageSchema":"1a1c01bbd47fc00a2c39e90264f33305004495a9","hash":"8757677af5766d8d622eff833e80e65c2fb7ff79"}
,"/home/rca/Documents/Gersh/Lessons/Devops/Electricity-billing/nodejs-backend/controllers/transactionsController.js": {"path":"/home/rca/Documents/Gersh/Lessons/Devops/Electricity-billing/nodejs-backend/controllers/transactionsController.js","statementMap":{"0":{"start":{"line":1,"column":16},"end":{"line":1,"column":57}},"1":{"start":{"line":2,"column":13},"end":{"line":2,"column":40}},"2":{"start":{"line":3,"column":20},"end":{"line":3,"column":60}},"3":{"start":{"line":4,"column":19},"end":{"line":4,"column":49}},"4":{"start":{"line":5,"column":17},"end":{"line":5,"column":47}},"5":{"start":{"line":7,"column":0},"end":{"line":7,"column":61}},"6":{"start":{"line":8,"column":0},"end":{"line":8,"column":59}},"7":{"start":{"line":10,"column":0},"end":{"line":36,"column":3}},"8":{"start":{"line":11,"column":45},"end":{"line":11,"column":53}},"9":{"start":{"line":14,"column":2},"end":{"line":16,"column":3}},"10":{"start":{"line":15,"column":4},"end":{"line":15,"column":72}},"11":{"start":{"line":19,"column":15},"end":{"line":19,"column":50}},"12":{"start":{"line":21,"column":2},"end":{"line":23,"column":3}},"13":{"start":{"line":22,"column":4},"end":{"line":22,"column":52}},"14":{"start":{"line":25,"column":25},"end":{"line":28,"column":4}},"15":{"start":{"line":30,"column":2},"end":{"line":35,"column":5}}},"fnMap":{"0":{"name":"(anonymous_0)","decl":{"start":{"line":10,"column":37},"end":{"line":10,"column":38}},"loc":{"start":{"line":10,"column":63},"end":{"line":36,"column":1}},"line":10}},"branchMap":{"0":{"loc":{"start":{"line":14,"column":2},"end":{"line":16,"column":3}},"type":"if","locations":[{"start":{"line":14,"column":2},"end":{"line":16,"column":3}},{"start":{},"end":{}}],"line":14},"1":{"loc":{"start":{"line":21,"column":2},"end":{"line":23,"column":3}},"type":"if","locations":[{"start":{"line":21,"column":2},"end":{"line":23,"column":3}},{"start":{},"end":{}}],"line":21}},"s":{"0":1,"1":1,"2":1,"3":1,"4":1,"5":1,"6":1,"7":1,"8":1,"9":1,"10":1,"11":0,"12":0,"13":0,"14":0,"15":0},"f":{"0":1},"b":{"0":[1,0],"1":[0,0]},"_coverageSchema":"1a1c01bbd47fc00a2c39e90264f33305004495a9","hash":"fc7b992dca4ee12ebb786019dbeae70261740f3d"}
,"/home/rca/Documents/Gersh/Lessons/Devops/Electricity-billing/nodejs-backend/controllers/userController.js": {"path":"/home/rca/Documents/Gersh/Lessons/Devops/Electricity-billing/nodejs-backend/controllers/userController.js","statementMap":{"0":{"start":{"line":1,"column":16},"end":{"line":1,"column":57}},"1":{"start":{"line":2,"column":15},"end":{"line":2,"column":32}},"2":{"start":{"line":3,"column":22},"end":{"line":3,"column":37}},"3":{"start":{"line":4,"column":12},"end":{"line":4,"column":35}},"4":{"start":{"line":5,"column":15},"end":{"line":5,"column":34}},"5":{"start":{"line":6,"column":19},"end":{"line":6,"column":49}},"6":{"start":{"line":7,"column":13},"end":{"line":7,"column":40}},"7":{"start":{"line":8,"column":17},"end":{"line":8,"column":47}},"8":{"start":{"line":10,"column":18},"end":{"line":14,"column":1}},"9":{"start":{"line":11,"column":2},"end":{"line":13,"column":5}},"10":{"start":{"line":16,"column":24},"end":{"line":26,"column":1}},"11":{"start":{"line":17,"column":16},"end":{"line":17,"column":35}},"12":{"start":{"line":19,"column":2},"end":{"line":25,"column":5}},"13":{"start":{"line":28,"column":0},"end":{"line":45,"column":3}},"14":{"start":{"line":29,"column":36},"end":{"line":29,"column":44}},"15":{"start":{"line":32,"column":2},"end":{"line":34,"column":3}},"16":{"start":{"line":33,"column":4},"end":{"line":33,"column":79}},"17":{"start":{"line":37,"column":15},"end":{"line":37,"column":70}},"18":{"start":{"line":39,"column":2},"end":{"line":41,"column":3}},"19":{"start":{"line":40,"column":4},"end":{"line":40,"column":72}},"20":{"start":{"line":44,"column":2},"end":{"line":44,"column":34}},"21":{"start":{"line":48,"column":0},"end":{"line":77,"column":5}},"22":{"start":{"line":52,"column":4},"end":{"line":61,"column":5}},"23":{"start":{"line":56,"column":6},"end":{"line":56,"column":54}},"24":{"start":{"line":58,"column":6},"end":{"line":60,"column":7}},"25":{"start":{"line":59,"column":8},"end":{"line":59,"column":58}},"26":{"start":{"line":64,"column":20},"end":{"line":64,"column":78}},"27":{"start":{"line":68,"column":22},"end":{"line":68,"column":53}},"28":{"start":{"line":69,"column":4},"end":{"line":73,"column":5}},"29":{"start":{"line":70,"column":6},"end":{"line":72,"column":8}},"30":{"start":{"line":75,"column":4},"end":{"line":75,"column":25}},"31":{"start":{"line":76,"column":4},"end":{"line":76,"column":11}},"32":{"start":{"line":79,"column":0},"end":{"line":79,"column":43}},"33":{"start":{"line":80,"column":0},"end":{"line":80,"column":44}}},"fnMap":{"0":{"name":"(anonymous_0)","decl":{"start":{"line":10,"column":18},"end":{"line":10,"column":19}},"loc":{"start":{"line":10,"column":26},"end":{"line":14,"column":1}},"line":10},"1":{"name":"(anonymous_1)","decl":{"start":{"line":16,"column":24},"end":{"line":16,"column":25}},"loc":{"start":{"line":16,"column":51},"end":{"line":26,"column":1}},"line":16},"2":{"name":"(anonymous_2)","decl":{"start":{"line":28,"column":27},"end":{"line":28,"column":28}},"loc":{"start":{"line":28,"column":53},"end":{"line":45,"column":1}},"line":28},"3":{"name":"(anonymous_3)","decl":{"start":{"line":48,"column":29},"end":{"line":48,"column":30}},"loc":{"start":{"line":48,"column":55},"end":{"line":77,"column":3}},"line":48}},"branchMap":{"0":{"loc":{"start":{"line":32,"column":2},"end":{"line":34,"column":3}},"type":"if","locations":[{"start":{"line":32,"column":2},"end":{"line":34,"column":3}},{"start":{},"end":{}}],"line":32},"1":{"loc":{"start":{"line":32,"column":6},"end":{"line":32,"column":31}},"type":"binary-expr","locations":[{"start":{"line":32,"column":6},"end":{"line":32,"column":15}},{"start":{"line":32,"column":19},"end":{"line":32,"column":31}}],"line":32},"2":{"loc":{"start":{"line":39,"column":2},"end":{"line":41,"column":3}},"type":"if","locations":[{"start":{"line":39,"column":2},"end":{"line":41,"column":3}},{"start":{},"end":{}}],"line":39},"3":{"loc":{"start":{"line":52,"column":4},"end":{"line":61,"column":5}},"type":"if","locations":[{"start":{"line":52,"column":4},"end":{"line":61,"column":5}},{"start":{},"end":{}}],"line":52},"4":{"loc":{"start":{"line":53,"column":6},"end":{"line":54,"column":52}},"type":"binary-expr","locations":[{"start":{"line":53,"column":6},"end":{"line":53,"column":31}},{"start":{"line":54,"column":6},"end":{"line":54,"column":52}}],"line":53},"5":{"loc":{"start":{"line":58,"column":6},"end":{"line":60,"column":7}},"type":"if","locations":[{"start":{"line":58,"column":6},"end":{"line":60,"column":7}},{"start":{},"end":{}}],"line":58},"6":{"loc":{"start":{"line":69,"column":4},"end":{"line":73,"column":5}},"type":"if","locations":[{"start":{"line":69,"column":4},"end":{"line":73,"column":5}},{"start":{},"end":{}}],"line":69}},"s":{"0":1,"1":1,"2":1,"3":1,"4":1,"5":1,"6":1,"7":1,"8":1,"9":0,"10":1,"11":0,"12":0,"13":1,"14":0,"15":0,"16":0,"17":0,"18":0,"19":0,"20":0,"21":1,"22":0,"23":0,"24":0,"25":0,"26":0,"27":0,"28":0,"29":0,"30":0,"31":0,"32":1,"33":1},"f":{"0":0,"1":0,"2":0,"3":0},"b":{"0":[0,0],"1":[0,0],"2":[0,0],"3":[0,0],"4":[0,0],"5":[0,0],"6":[0,0]},"_coverageSchema":"1a1c01bbd47fc00a2c39e90264f33305004495a9","hash":"93cabaea087e69a985a32b899fe77120f037ab42"}
,"/home/rca/Documents/Gersh/Lessons/Devops/Electricity-billing/nodejs-backend/models/User.js": {"path":"/home/rca/Documents/Gersh/Lessons/Devops/Electricity-billing/nodejs-backend/models/User.js","statementMap":{"0":{"start":{"line":1,"column":17},"end":{"line":1,"column":36}},"1":{"start":{"line":3,"column":19},"end":{"line":24,"column":1}},"2":{"start":{"line":26,"column":13},"end":{"line":26,"column":47}},"3":{"start":{"line":27,"column":0},"end":{"line":27,"column":22}}},"fnMap":{},"branchMap":{},"s":{"0":1,"1":1,"2":1,"3":1},"f":{},"b":{},"_coverageSchema":"1a1c01bbd47fc00a2c39e90264f33305004495a9","hash":"b1d4211e3ca02352323553ba9c203bd88576ebd4"}
,"/home/rca/Documents/Gersh/Lessons/Devops/Electricity-billing/nodejs-backend/models/transactionsModel.js": {"path":"/home/rca/Documents/Gersh/Lessons/Devops/Electricity-billing/nodejs-backend/models/transactionsModel.js","statementMap":{"0":{"start":{"line":1,"column":17},"end":{"line":1,"column":36}},"1":{"start":{"line":2,"column":15},"end":{"line":2,"column":32}},"2":{"start":{"line":4,"column":27},"end":{"line":18,"column":2}},"3":{"start":{"line":20,"column":0},"end":{"line":28,"column":3}},"4":{"start":{"line":21,"column":2},"end":{"line":21,"column":67}},"5":{"start":{"line":22,"column":2},"end":{"line":25,"column":74}},"6":{"start":{"line":27,"column":2},"end":{"line":27,"column":9}},"7":{"start":{"line":29,"column":20},"end":{"line":29,"column":69}},"8":{"start":{"line":31,"column":0},"end":{"line":31,"column":29}}},"fnMap":{"0":{"name":"(anonymous_0)","decl":{"start":{"line":20,"column":31},"end":{"line":20,"column":32}},"loc":{"start":{"line":20,"column":47},"end":{"line":28,"column":1}},"line":20}},"branchMap":{"0":{"loc":{"start":{"line":23,"column":4},"end":{"line":25,"column":73}},"type":"cond-expr","locations":[{"start":{"line":24,"column":8},"end":{"line":24,"column":16}},{"start":{"line":25,"column":8},"end":{"line":25,"column":73}}],"line":23}},"s":{"0":1,"1":1,"2":1,"3":1,"4":0,"5":0,"6":0,"7":1,"8":1},"f":{"0":0},"b":{"0":[0,0]},"_coverageSchema":"1a1c01bbd47fc00a2c39e90264f33305004495a9","hash":"a00ef3ee79811845587bd3be592f6e7c31e74d29"}
,"/home/rca/Documents/Gersh/Lessons/Devops/Electricity-billing/nodejs-backend/routes/transactionRoutes.js": {"path":"/home/rca/Documents/Gersh/Lessons/Devops/Electricity-billing/nodejs-backend/routes/transactionRoutes.js","statementMap":{"0":{"start":{"line":1,"column":30},"end":{"line":1,"column":80}},"1":{"start":{"line":2,"column":23},"end":{"line":2,"column":65}},"2":{"start":{"line":3,"column":16},"end":{"line":3,"column":34}},"3":{"start":{"line":4,"column":20},"end":{"line":4,"column":58}},"4":{"start":{"line":5,"column":15},"end":{"line":5,"column":31}},"5":{"start":{"line":7,"column":0},"end":{"line":10,"column":48}},"6":{"start":{"line":12,"column":0},"end":{"line":12,"column":69}},"7":{"start":{"line":14,"column":0},"end":{"line":14,"column":24}}},"fnMap":{},"branchMap":{},"s":{"0":1,"1":1,"2":1,"3":1,"4":1,"5":1,"6":1,"7":1},"f":{},"b":{},"_coverageSchema":"1a1c01bbd47fc00a2c39e90264f33305004495a9","hash":"d2685dc2da0bd5f09750279f651a5315e424dc91"}
,"/home/rca/Documents/Gersh/Lessons/Devops/Electricity-billing/nodejs-backend/routes/userRoutes.js": {"path":"/home/rca/Documents/Gersh/Lessons/Devops/Electricity-billing/nodejs-backend/routes/userRoutes.js","statementMap":{"0":{"start":{"line":1,"column":23},"end":{"line":1,"column":65}},"1":{"start":{"line":2,"column":16},"end":{"line":2,"column":34}},"2":{"start":{"line":3,"column":15},"end":{"line":3,"column":31}},"3":{"start":{"line":5,"column":0},"end":{"line":5,"column":74}},"4":{"start":{"line":6,"column":0},"end":{"line":6,"column":49}},"5":{"start":{"line":8,"column":0},"end":{"line":8,"column":50}},"6":{"start":{"line":10,"column":0},"end":{"line":10,"column":24}}},"fnMap":{},"branchMap":{},"s":{"0":1,"1":1,"2":1,"3":1,"4":1,"5":1,"6":1},"f":{},"b":{},"_coverageSchema":"1a1c01bbd47fc00a2c39e90264f33305004495a9","hash":"792c8d49960e88d7e691c585194ba9a0429d5e10"}
,"/home/rca/Documents/Gersh/Lessons/Devops/Electricity-billing/nodejs-backend/utils/AppError.js": {"path":"/home/rca/Documents/Gersh/Lessons/Devops/Electricity-billing/nodejs-backend/utils/AppError.js","statementMap":{"0":{"start":{"line":3,"column":6},"end":{"line":3,"column":21}},"1":{"start":{"line":5,"column":6},"end":{"line":5,"column":35}},"2":{"start":{"line":6,"column":6},"end":{"line":6,"column":71}},"3":{"start":{"line":7,"column":6},"end":{"line":7,"column":32}},"4":{"start":{"line":9,"column":6},"end":{"line":9,"column":54}},"5":{"start":{"line":13,"column":2},"end":{"line":13,"column":28}}},"fnMap":{"0":{"name":"(anonymous_0)","decl":{"start":{"line":2,"column":4},"end":{"line":2,"column":5}},"loc":{"start":{"line":2,"column":37},"end":{"line":10,"column":5}},"line":2}},"branchMap":{"0":{"loc":{"start":{"line":6,"column":20},"end":{"line":6,"column":70}},"type":"cond-expr","locations":[{"start":{"line":6,"column":54},"end":{"line":6,"column":60}},{"start":{"line":6,"column":63},"end":{"line":6,"column":70}}],"line":6}},"s":{"0":1,"1":1,"2":1,"3":1,"4":1,"5":1},"f":{"0":1},"b":{"0":[1,0]},"_coverageSchema":"1a1c01bbd47fc00a2c39e90264f33305004495a9","hash":"3fd27dd9bc63973eb84a7da64e5f9744a5d65336"}
,"/home/rca/Documents/Gersh/Lessons/Devops/Electricity-billing/nodejs-backend/utils/catchAsync.js": {"path":"/home/rca/Documents/Gersh/Lessons/Devops/Electricity-billing/nodejs-backend/utils/catchAsync.js","statementMap":{"0":{"start":{"line":1,"column":0},"end":{"line":5,"column":4}},"1":{"start":{"line":2,"column":4},"end":{"line":4,"column":6}},"2":{"start":{"line":3,"column":6},"end":{"line":3,"column":36}}},"fnMap":{"0":{"name":"(anonymous_0)","decl":{"start":{"line":1,"column":17},"end":{"line":1,"column":18}},"loc":{"start":{"line":1,"column":25},"end":{"line":5,"column":3}},"line":1},"1":{"name":"(anonymous_1)","decl":{"start":{"line":2,"column":11},"end":{"line":2,"column":12}},"loc":{"start":{"line":2,"column":31},"end":{"line":4,"column":5}},"line":2}},"branchMap":{},"s":{"0":1,"1":7,"2":3},"f":{"0":7,"1":3},"b":{},"_coverageSchema":"1a1c01bbd47fc00a2c39e90264f33305004495a9","hash":"f410c910fdce1f7a95338895f98aebd1f139eb56"}
}
